[debug] [2026-05-14T09:10:15.975Z] ----------------------------------------------------------------------
[debug] [2026-05-14T09:10:15.979Z] Command:       C:\Program Files\nodejs\node.exe C:\Users\chloe\AppData\Roaming\npm\node_modules\firebase-tools\lib\bin\firebase.js projects:list
[debug] [2026-05-14T09:10:15.980Z] CLI Version:   15.14.0
[debug] [2026-05-14T09:10:15.980Z] Platform:      win32
[debug] [2026-05-14T09:10:15.980Z] Node Version:  v24.13.0
[debug] [2026-05-14T09:10:15.980Z] Time:          Thu May 14 2026 17:10:15 GMT+0800 (Malaysia Time)
[debug] [2026-05-14T09:10:15.980Z] ----------------------------------------------------------------------
[debug] 
[debug] [2026-05-14T09:10:16.176Z] > command requires scopes: ["email","openid","https://www.googleapis.com/auth/cloudplatformprojects.readonly","https://www.googleapis.com/auth/firebase","https://www.googleapis.com/auth/cloud-platform"]
[debug] [2026-05-14T09:10:16.177Z] > authorizing via signed-in user (chloecwe1111@gmail.com)
[debug] [2026-05-14T09:10:16.183Z] Checked if tokens are valid: false, expires at: 1778747765539
[debug] [2026-05-14T09:10:16.183Z] Checked if tokens are valid: false, expires at: 1778747765539
[debug] [2026-05-14T09:10:16.184Z] > refreshing access token with scopes: []
[debug] [2026-05-14T09:10:16.188Z] >>> [apiv2][query] POST https://www.googleapis.com/oauth2/v3/token [none]
[debug] [2026-05-14T09:10:16.188Z] >>> [apiv2][body] POST https://www.googleapis.com/oauth2/v3/token [omitted]
[debug] [2026-05-14T09:10:16.446Z] <<< [apiv2][status] POST https://www.googleapis.com/oauth2/v3/token 200
[debug] [2026-05-14T09:10:16.447Z] <<< [apiv2][body] POST https://www.googleapis.com/oauth2/v3/token [omitted]
[debug] [2026-05-14T09:10:16.468Z] >>> [apiv2][query] GET https://firebase.googleapis.com/v1beta1/projects pageSize=1000
[debug] [2026-05-14T09:10:17.052Z] <<< [apiv2][status] GET https://firebase.googleapis.com/v1beta1/projects 200
[debug] [2026-05-14T09:10:17.053Z] <<< [apiv2][body] GET https://firebase.googleapis.com/v1beta1/projects [omitted]
[info] ┌──────────────────────┬──────────────────────┬────────────────┬──────────────────────┐
│ Project Display Name │ Project ID           │ Project Number │ Resource Location ID │
├──────────────────────┼──────────────────────┼────────────────┼──────────────────────┤
│ EyeGuard             │ eyeguard-b9df2       │ 29454022951    │ [Not specified]      │
├──────────────────────┼──────────────────────┼────────────────┼──────────────────────┤
│ Tani-Agent           │ tani-agent (current) │ 194453143865   │ [Not specified]      │
└──────────────────────┴──────────────────────┴────────────────┴──────────────────────┘
[info] 
[info] 2 project(s) total.
[debug] [2026-05-14T09:10:45.998Z] ----------------------------------------------------------------------
[debug] [2026-05-14T09:10:46.002Z] Command:       C:\Program Files\nodejs\node.exe C:\Users\chloe\AppData\Roaming\npm\node_modules\firebase-tools\lib\bin\firebase.js deploy --only hosting
[debug] [2026-05-14T09:10:46.002Z] CLI Version:   15.14.0
[debug] [2026-05-14T09:10:46.002Z] Platform:      win32
[debug] [2026-05-14T09:10:46.002Z] Node Version:  v24.13.0
[debug] [2026-05-14T09:10:46.002Z] Time:          Thu May 14 2026 17:10:46 GMT+0800 (Malaysia Time)
[debug] [2026-05-14T09:10:46.002Z] ----------------------------------------------------------------------
[debug] 
[debug] [2026-05-14T09:10:50.016Z] > command requires scopes: ["email","openid","https://www.googleapis.com/auth/cloudplatformprojects.readonly","https://www.googleapis.com/auth/firebase","https://www.googleapis.com/auth/cloud-platform"]
[debug] [2026-05-14T09:10:50.019Z] > authorizing via signed-in user (chloecwe1111@gmail.com)
[debug] [2026-05-14T09:10:50.020Z] [iam] checking project tani-agent for permissions ["firebase.projects.get","firebasehosting.sites.update"]
[debug] [2026-05-14T09:10:50.025Z] Checked if tokens are valid: true, expires at: 1778753415448
[debug] [2026-05-14T09:10:50.025Z] Checked if tokens are valid: true, expires at: 1778753415448
[debug] [2026-05-14T09:10:50.030Z] >>> [apiv2][query] POST https://cloudresourcemanager.googleapis.com/v1/projects/tani-agent:testIamPermissions [none]
[debug] [2026-05-14T09:10:50.031Z] >>> [apiv2][(partial)header] POST https://cloudresourcemanager.googleapis.com/v1/projects/tani-agent:testIamPermissions  x-goog-user-project=tani-agent
[debug] [2026-05-14T09:10:50.031Z] >>> [apiv2][body] POST https://cloudresourcemanager.googleapis.com/v1/projects/tani-agent:testIamPermissions {"permissions":["firebase.projects.get","firebasehosting.sites.update"]}
[debug] [2026-05-14T09:10:51.223Z] <<< [apiv2][status] POST https://cloudresourcemanager.googleapis.com/v1/projects/tani-agent:testIamPermissions 200
[debug] [2026-05-14T09:10:51.224Z] <<< [apiv2][body] POST https://cloudresourcemanager.googleapis.com/v1/projects/tani-agent:testIamPermissions {"permissions":["firebase.projects.get","firebasehosting.sites.update"]}
[debug] [2026-05-14T09:10:51.227Z] Checked if tokens are valid: true, expires at: 1778753415448
[debug] [2026-05-14T09:10:51.227Z] Checked if tokens are valid: true, expires at: 1778753415448
[debug] [2026-05-14T09:10:51.228Z] >>> [apiv2][query] GET https://firebase.googleapis.com/v1beta1/projects/tani-agent [none]
[debug] [2026-05-14T09:10:51.587Z] <<< [apiv2][status] GET https://firebase.googleapis.com/v1beta1/projects/tani-agent 200
[debug] [2026-05-14T09:10:51.588Z] <<< [apiv2][body] GET https://firebase.googleapis.com/v1beta1/projects/tani-agent {"projectId":"tani-agent","projectNumber":"194453143865","displayName":"Tani-Agent","name":"projects/tani-agent","resources":{"hostingSite":"tani-agent"},"state":"ACTIVE","etag":"1_eef8411e-605d-48e3-8456-e7531c830227"}
[info] 
[info] === Deploying to 'tani-agent'...
[info] 
[info] i  deploying hosting 
[debug] [2026-05-14T09:10:51.605Z] Checked if tokens are valid: true, expires at: 1778753415448
[debug] [2026-05-14T09:10:51.606Z] Checked if tokens are valid: true, expires at: 1778753415448
[debug] [2026-05-14T09:10:51.606Z] >>> [apiv2][query] POST https://firebasehosting.googleapis.com/v1beta1/projects/-/sites/tani-agent/versions [none]
[debug] [2026-05-14T09:10:51.606Z] >>> [apiv2][body] POST https://firebasehosting.googleapis.com/v1beta1/projects/-/sites/tani-agent/versions {"status":"CREATED","labels":{"deployment-tool":"cli-firebase"}}
[debug] [2026-05-14T09:10:52.888Z] <<< [apiv2][status] POST https://firebasehosting.googleapis.com/v1beta1/projects/-/sites/tani-agent/versions 200
[debug] [2026-05-14T09:10:52.889Z] <<< [apiv2][body] POST https://firebasehosting.googleapis.com/v1beta1/projects/-/sites/tani-agent/versions {"name":"projects/194453143865/sites/tani-agent/versions/445fb04c86345a47","status":"CREATED","config":{},"labels":{"deployment-tool":"cli-firebase"}}
[info] i  hosting[tani-agent]: beginning deploy... 
[info] i  hosting[tani-agent]: found 127 files in out 
[debug] [2026-05-14T09:10:52.961Z] [hosting] uploading with 200 concurrency
[debug] [2026-05-14T09:10:53.132Z] Checked if tokens are valid: true, expires at: 1778753415448
[debug] [2026-05-14T09:10:53.132Z] Checked if tokens are valid: true, expires at: 1778753415448
[debug] [2026-05-14T09:10:53.138Z] [hosting] hash cache [b3V0] stored for 127 files
[debug] [2026-05-14T09:10:53.139Z] [hosting][hash queue][FINAL] {"max":144,"min":0,"avg":54.58267716535433,"active":0,"complete":127,"success":127,"errored":0,"retried":0,"total":127,"elapsed":172}
[debug] [2026-05-14T09:10:53.140Z] >>> [apiv2][query] POST https://firebasehosting.googleapis.com/v1beta1/projects/194453143865/sites/tani-agent/versions/445fb04c86345a47:populateFiles [none]
[debug] [2026-05-14T09:10:53.140Z] >>> [apiv2][body] POST https://firebasehosting.googleapis.com/v1beta1/projects/194453143865/sites/tani-agent/versions/445fb04c86345a47:populateFiles {"files":{"/placeholder.svg":"e5d7fc1002e286d37e275880d06005479739e66ca5b5663a6e9cf2da3a709a31\r","/placeholder.jpg":"b3cfce52a0ca4b992d118cf1306d382e938a53e92bf4fb5228c24f8355ac6a3c\r","/placeholder-user.jpg":"6ae3ea5721206c5fe80b68e7599e10b5d74eb70f4ad9c61efb46a86727448529\r","/placeholder-logo.svg":"7155c0a70e8a7b2cbbb64d5bdc94e1f8631490a526b337ff0e9d36ab77545b6e\r","/placeholder-logo.png":"ca28bea61957daebc4b23fca88978227a5ce9cf7bd273d2968b31f4f8293a112\r","/icon.svg":"d31ba91a9f73bc6e06e171d05bd6fb710b6a87f725895ec8885b6140701ed851\r","/icon-light-32x32.png":"f372eb2e1577bc3cbab853bce6d018b8546b5222f2dc1f06fa413d33a5706539\r","/icon-dark-32x32.png":"9a8651165d87fec052e520239ff4cf54170df933bcbc11a1d8c78eb7cee02ff8\r","/apple-icon.png":"9c9327d7c2775fa2f69d52b773aff262738915c2a9172305ec5e2bf08c149827\r","/__next._tree.txt":"c8e0e5be83824eb5d25cd7bf769d27c29cf77cab6ca3a161a6997c233011bca3","/__next.__PAGE__.txt":"735174f8195aff11815b542032294a0553db7725801904dc974c8d5a71b1b928","/__next._index.txt":"c238e2a0f3eabd5e696baab1458931a33618694c1564a4e2cd4b1cf5ef7d92ee","/__next._full.txt":"967c2e00f108b9eb62a431c0b6695b11f25b6c4223cfdd78321c8b036ae197e7","/__next._head.txt":"a3b717682c15aeb46ee7bd541c85a5f744cbe9deed920df572cf9f2b66154816","/_not-found/__next._tree.txt":"9a53a6658ed8e736303bd619257b4c1ec71fbb0c7056eb9dd6d46f5e08d0649c","/_not-found/__next._not-found.txt":"a8f94c8732ea77694dd3442f7cb4aa925bcd2060b5dd4fcbc1527758e943cd8b","/index.html":"2874e69033cce6f326091f31b51fb9c0ff186308536ab251b22ba6b8918ca957","/index.txt":"967c2e00f108b9eb62a431c0b6695b11f25b6c4223cfdd78321c8b036ae197e7","/_not-found/__next._head.txt":"468bf8175492b5cc60c3fdb85cf1e28086063622a2d8c3c75b0d644d3ea9ff4a","/_not-found/__next._full.txt":"a4f0688b42a1fc02e8661c00c0e8d9c30b3513922e9a248c5a55b460329c7998","/_next/static/wLkbIiCfNUb3WpoQeuYx2/_ssgManifest.js":"dc28a4dc92fe352ed5d2201bd3972ce47691bc8e89e0400a68d1541d0567c6d5","/_not-found/__next._index.txt":"c238e2a0f3eabd5e696baab1458931a33618694c1564a4e2cd4b1cf5ef7d92ee","/_next/static/wLkbIiCfNUb3WpoQeuYx2/_buildManifest.js":"dcbe1c9b9159ca21caea98e1bad364012ae284e9551375ca62b83d2811efac91","/_not-found/index.txt":"a4f0688b42a1fc02e8661c00c0e8d9c30b3513922e9a248c5a55b460329c7998","/404.html":"75a23861c9e2cf1e545acdad90e88d8c2ea4833a556a0b43ab5bab56edaaefb1","/_not-found/index.html":"75a23861c9e2cf1e545acdad90e88d8c2ea4833a556a0b43ab5bab56edaaefb1","/_not-found/__next._not-found/__PAGE__.txt":"89ae6b495bb3b908a4a83efabc1dd368c056c4e4ad1ffbe41d995501dda01d19","/_next/static/media/marker-icon.0i9~u_difxrfa.png":"1a6e41ae33c0fd2c0a25649c041ed4a90bee68c5a5436fd8fa41741047a0cde8","/_next/static/wLkbIiCfNUb3WpoQeuYx2/_clientMiddlewareManifest.js":"5e57f6166b702492ab9551af57e4546546c184673a4c0432f73b96f62820f7eb","/_next/static/media/layers.1220hx8ja1.sy.png":"355f4c5b9f8cb9eb8791dbb27e19c14866d91773e6f8ec00f46426aaf9ad9e41","/_next/static/media/fef07dbb0973bf53-s.12tyk43_3sh9u.woff2":"4cd714514fc3454c1fdc247cf7be84c91aec7662e952cfe8c11cb8766ef8c3f4","/_next/static/media/layers-2x.0olxl6i2vnf_c.png":"7c9ef90b26a2d729e7fb8d0aae345e4dab1818dcd70f7aebd8870979821f8640","/_next/static/media/bbc41e54d2fcbd21-s.0mvwgmnhv29no.woff2":"b34282f52212b6b0f36e313eba4d72d7fb0be93f8b39cf2c9551fa435c2fb2db","/_next/static/media/8a480f0b521d4e75-s.0jzbimsg8vl84.woff2":"9e317fb808ec4714d6144f277f4de983b017fe5f3753369936ad5359f06b02e5","/_next/static/media/7d817b4c03b0c5f1-s.0uzt.a6d44yda.woff2":"bf6972eac2724de27a3a45ae0357dc0f7bda5551f86eb4cd7cc19e4bddd1ab8c","/_next/static/media/6306c77e7c8268e4-s.0mao5jbfbduzp.woff2":"1fc0fc2c1dcbfe6510b5312bae44dfc4682b6ac0e6e563493e44ca46ed82095f","/_next/static/media/53b9e256198e5412-s.0-wfv7uh4i7h9.woff2":"4e4038e4cb17b1349cc9c717fca51c0e00782a2093bd8a939efc70e5d78bceb7","/_next/static/media/5ce348bf30bf5439-s.0ee55_hj9qcer.woff2":"17986413ed579ec94797d3bfef16ed2228c059686df53fd0b69c1505abcdbccd","/_next/static/chunks/11unif--rw5h8.css":"c73e999146cf03a8a8c7292e46fab40fd2ae7a95fd1c415dd2fa449846f191e2","/_next/static/chunks/turbopack-0xpbsakn75f18.js":"099221c8811bfb771853665c57693786923b0fa47b86791a8e9a506a528ad23b","/_next/static/chunks/0w564g_g_5bwd.js":"b8f45d2e9755a8fa107d7084056260f8f13f3af528ce6e5360995fdb518c7e7b","/_next/static/media/4fa387ec64143e14-s.0.qu-9752pffj.woff2":"7aa00e8331a5975fdc52b6b989c274a2193f19ea1e14f3eb0c5f657ea8a1abc8","/_next/static/chunks/11ntydbz65jwt.js":"fa96b3851e6bfb6e852e3bd58086f55c0e38a166afedec9969c232ed326bd1dd","/_next/static/chunks/0y2px2khyh8n1.js":"009a69fae83324065cd361e3763bcf4913360d21f04a3945a7238edd59afbabb","/_next/static/chunks/0s.c-nmg86ui9.js":"f80b5165972d674259740972e09f001326fffd55cff92c9d01239aa80fbc371e","/_next/static/chunks/0t48hzs_6fshe.css":"412a11893afe5075436e5f970977a62abd8f7e255037f2e0316edb2cb8b265c8","/_next/static/chunks/0t_s2gvr2obin.js":"9c15c8c26b0d628150a59e4faad5ac3c1122c417c14c9583a472c0d3767226fc","/_next/static/chunks/0px9cpwo24rip.js":"ef6c49a552ff65a93460b1cb47b163ce2c90bcf3a42cfd42096ed2b9b1f69ef8","/_next/static/chunks/0lw1~b1_wbahv.js":"1abca4ba48caad8c96ff01a62473b2bf02fe4f2b1a08dc07950f82e4ee070e6c","/_next/static/chunks/07e7pyu8c-lff.js":"64f44f58c3fa0e292ae8079e9bfd8946e9eac9bc543a8daa681d21cdd2277d45","/_next/static/chunks/0aznfzrk.tbk-.js":"aeec54cad61083b0788aceb6067ffbb5b77682ace391ce30802baa5e5c23f605","/_next/static/chunks/0d3shmwh5_nmn.js":"0c1d636e6085992b3d74f44688c20861c3644b89675b31cbc95a5dea5de4e1b8","/_next/static/media/7178b3e590c64307-s.0nx0ww8fni_q3.woff2":"9db501bf314e8bcbd31ac7f79495753a2a2da4243c362edc5f07928f3c9146a0","/_next/static/media/caa3a2e1cccd8315-s.p.09~u27dqhyhd6.woff2":"a1862350cad8975186ec7d95e2c6f6ad548d6bd2219ffaa79420067bbf14ad49","/_next/static/media/797e433ab948586e-s.p.09zddjkbdep5a.woff2":"40dd7eecf3fa0ae4836727211132b07540e356cd4cf3285dd34d4e15d6e7802a","/_next/static/chunks/01xlw8hd842-c.js":"713a16172228e978ae302281c6866c5f8020fafd75b833b2184962f8bb8d2123","/images/illustration5.jpg":"47ad03ea826e14e5a4d6b0108b5bffed2b6a7407d63a26f6fc4c5120d2b786fe\r","/images/illustration4.jpg":"af318a8cfa9282adae2638e886f54ad9d4cb019b26c1d6f5e1e2925f767648be\r","/images/illustration3.jpg":"6d6fd5f693863a4fd716f1646d104429766e0197203fcac47612511ae5083134\r","/images/illustration2.jpg":"dbb108abc980a266ef51b43441e0032bdb9501d0b97e75bc30d132090e05436a\r","/images/illustration1.jpg":"0399bb58d27b3d44a7348b76eec4079333b2dec9d6d76e29b8b227c2e1f9112c\r","/_next/static/chunks/00cm.ngdc~ci-.js":"53eb2871479518fdce8bdf46d2179badfa06b03dbe483eff01e84531806b35e5","/_next/static/chunks/02i7dfk78~t~2.js":"247e3cf56782f4183c2bb33b0fec970e89eefd08f32d8c9fe45bccbc04287cda","/_next/static/chunks/0.pf7bb3p-f89.js":"cf5ab3d80c2b813a7d642ad9ac550a74e564f258d16fc4fb2dcbc7975a0cfeec","/store/__next._tree.txt":"3157df117f8905bd62d293f7faa5f3fb54cbe34a1d1562e9bbaa0be57cad118e","/_next/static/chunks/0mop6nhr9kxfq.css":"aa43ca2b53d3ff7181c653f2e615600efc5cfa3abf237264d970a4116692bba0","/store/__next._index.txt":"c238e2a0f3eabd5e696baab1458931a33618694c1564a4e2cd4b1cf5ef7d92ee","/store/__next._head.txt":"a3b717682c15aeb46ee7bd541c85a5f744cbe9deed920df572cf9f2b66154816","/store/__next._full.txt":"9fb894e3f70dd393890fc146bd67926c8c8e87c79105792f4fa646eb6ecda461","/store/__next.store.txt":"a8f94c8732ea77694dd3442f7cb4aa925bcd2060b5dd4fcbc1527758e943cd8b","/store/__next.store/__PAGE__.txt":"6ddbacbfc9941705a6a3a904a1adde452cc172dbd81f3013a77417f84e7a7a12","/profile/__next._tree.txt":"9b7908e63f94b28ea2b7fb5c28ea3c827cd32292a28b7f016b4d2717b37b7ce4","/_next/static/chunks/0.dtalxh83q88.js":"bc08562b5dd3c54f9233c24a444bbbb78dc2b9ba14da221be6bd4c0e8335200a","/store/index.txt":"9fb894e3f70dd393890fc146bd67926c8c8e87c79105792f4fa646eb6ecda461","/profile/__next._index.txt":"c238e2a0f3eabd5e696baab1458931a33618694c1564a4e2cd4b1cf5ef7d92ee","/profile/__next._head.txt":"a3b717682c15aeb46ee7bd541c85a5f744cbe9deed920df572cf9f2b66154816","/profile/__next.profile.txt":"a8f94c8732ea77694dd3442f7cb4aa925bcd2060b5dd4fcbc1527758e943cd8b","/store/index.html":"af58b8da1d0f97f258d8584516bab4c5c096460fb6650951f68163cabfd9987e","/profile/__next._full.txt":"58ebe9d0cd6042d9bcdee797126c59acc7b2a583623b5f80911aac04f43fa31a","/profile/index.txt":"58ebe9d0cd6042d9bcdee797126c59acc7b2a583623b5f80911aac04f43fa31a","/profile/__next.profile/__PAGE__.txt":"37c0e2e141e916fee4e05961ab2218c364dbfc6e7c8f1530bd7c41a4c6dd874a","/onboarding/__next._tree.txt":"1dba8683c576e128b89e77b7b7c0c9deefc002261b8a15851bd32416e412a6fc","/onboarding/__next._index.txt":"c238e2a0f3eabd5e696baab1458931a33618694c1564a4e2cd4b1cf5ef7d92ee","/profile/index.html":"7fc0289494e0056f4b891f160ff48ad8df4e8ab6f8a0390876717a9f531edf3d","/onboarding/__next._head.txt":"a3b717682c15aeb46ee7bd541c85a5f744cbe9deed920df572cf9f2b66154816","/onboarding/__next.onboarding.txt":"a8f94c8732ea77694dd3442f7cb4aa925bcd2060b5dd4fcbc1527758e943cd8b","/onboarding/__next._full.txt":"5577d2f2d01b1c72f691343b4ffc2912278f46867b6f127917a78bf83196cbfc","/onboarding/index.txt":"5577d2f2d01b1c72f691343b4ffc2912278f46867b6f127917a78bf83196cbfc","/map/__next._tree.txt":"218260ec9a5138b379062decc27eab3f3597d1872a400acb4b6638ce85c49442","/onboarding/__next.onboarding/__PAGE__.txt":"54203a78a875482661275e057668aca94359e1035b1ef00859305f7dda2ea884","/map/__next._head.txt":"a3b717682c15aeb46ee7bd541c85a5f744cbe9deed920df572cf9f2b66154816","/map/__next._full.txt":"989557616598b498da571b1d07ba692d2d9c91ed8ee331d62ae6af8ccf7458d0","/onboarding/index.html":"235985e8e5326e104dabf590cbedb7f14bdfd375bdb8a5b07e1a770efafb6abf","/map/__next._index.txt":"c238e2a0f3eabd5e696baab1458931a33618694c1564a4e2cd4b1cf5ef7d92ee","/map/__next.map.txt":"a8f94c8732ea77694dd3442f7cb4aa925bcd2060b5dd4fcbc1527758e943cd8b","/map/__next.map/__PAGE__.txt":"9c10f1ab8787ecf1c77a730a0018d371454c54aa76119dcaa8228516b733a7a0","/map/index.txt":"989557616598b498da571b1d07ba692d2d9c91ed8ee331d62ae6af8ccf7458d0","/login/__next._tree.txt":"f9be5e832b312f16a5d83d66617b62f72f8694a39d2a62c2d719fe64a5de71b2","/map/index.html":"4fc5e8c7064eed1b456c2ffcec6df5a939f62e888d580c442e4a15582bead79c","/login/__next._head.txt":"a3b717682c15aeb46ee7bd541c85a5f744cbe9deed920df572cf9f2b66154816","/login/__next._index.txt":"c238e2a0f3eabd5e696baab1458931a33618694c1564a4e2cd4b1cf5ef7d92ee","/login/__next._full.txt":"2ea4d8fb8ed94d97269136de9de20bf788054803870c24f574703cef20fe7290","/_next/static/chunks/03~yq9q893hmn.js":"18e28d3214eda45048d80d3925ea7627b809e69ad2e95f7f98459e9146a61c3d","/login/__next.login.txt":"a8f94c8732ea77694dd3442f7cb4aa925bcd2060b5dd4fcbc1527758e943cd8b","/login/index.txt":"2ea4d8fb8ed94d97269136de9de20bf788054803870c24f574703cef20fe7290","/login/index.html":"1c6b3fe9a0a6e1311cb8edbc44073f13f42a4d4200ee054ebf24bde132f4036a","/login/__next.login/__PAGE__.txt":"3dd9c8b9dc20152d8b4f4b34ceb83a4edff85e0e7bb79a4112d4aa66c13f2654","/_next/static/chunks/0zb.s0~rkjwp6.js":"2bf893397ca3f6bf15506dec70cf1c13e9bf8a9432b55f83832b75bb89518b09","/home/__next._tree.txt":"82d0ff2b7bf1ff7f830d719f4ae31efebd9828db3edd0a19be31a8152c103ba5","/home/__next._index.txt":"c238e2a0f3eabd5e696baab1458931a33618694c1564a4e2cd4b1cf5ef7d92ee","/home/__next.home.txt":"a8f94c8732ea77694dd3442f7cb4aa925bcd2060b5dd4fcbc1527758e943cd8b","/home/__next._head.txt":"a3b717682c15aeb46ee7bd541c85a5f744cbe9deed920df572cf9f2b66154816","/home/__next._full.txt":"54dd3edd045e00587dd23f62d7fbfff4070d26e84c0129cc61427329c6e01fb7","/home/index.txt":"54dd3edd045e00587dd23f62d7fbfff4070d26e84c0129cc61427329c6e01fb7","/home/__next.home/__PAGE__.txt":"8c4e2f12561d4876530d0ba1e7a684608f51b9c2295eb7a4afd3ab625529e301","/checkout-success/__next._index.txt":"c238e2a0f3eabd5e696baab1458931a33618694c1564a4e2cd4b1cf5ef7d92ee","/checkout-success/__next._tree.txt":"b50624cf025f69ffd9bd2401c27262eb8523039c604ce7b3b203951dc2e70b33","/checkout-success/__next._head.txt":"a3b717682c15aeb46ee7bd541c85a5f744cbe9deed920df572cf9f2b66154816","/checkout-success/__next.checkout-success.txt":"a8f94c8732ea77694dd3442f7cb4aa925bcd2060b5dd4fcbc1527758e943cd8b","/checkout-success/__next._full.txt":"9129f36cb062db19c876c930091489d365943f40c30092920c282ac880fb9abe","/home/index.html":"e9f8b27662d0742b4cce53f41ee0c70ef8fad442309c387f6b7a97d4f8d8cf2d","/checkout-success/index.html":"401274d926c31dbd432b50aad149f87e79e96a32f5e525aafebdbe3d387f491c","/checkout-success/index.txt":"9129f36cb062db19c876c930091489d365943f40c30092920c282ac880fb9abe","/checkout-success/__next.checkout-success/__PAGE__.txt":"dcc13f2108752910db8877d94211c8f658a60cb57e96d3daa22ea81563e38a15","/_next/static/chunks/00zi-erhjrny2.js":"083c823602b891e48e3219e66c06073a3db84f89c7f931b90a37556642f5eee3","/404/index.html":"75a23861c9e2cf1e545acdad90e88d8c2ea4833a556a0b43ab5bab56edaaefb1","/_next/static/chunks/0vkgb7xyv-nko.js":"0c8c0d3a58944122f270028a3e47c02bfa99cc0949930881a5f3acf1eeb2e9cf"}}
[debug] [2026-05-14T09:10:54.225Z] <<< [apiv2][status] POST https://firebasehosting.googleapis.com/v1beta1/projects/194453143865/sites/tani-agent/versions/445fb04c86345a47:populateFiles 200
[debug] [2026-05-14T09:10:54.226Z] <<< [apiv2][body] POST https://firebasehosting.googleapis.com/v1beta1/projects/194453143865/sites/tani-agent/versions/445fb04c86345a47:populateFiles {"uploadRequiredHashes":["1c6b3fe9a0a6e1311cb8edbc44073f13f42a4d4200ee054ebf24bde132f4036a","2874e69033cce6f326091f31b51fb9c0ff186308536ab251b22ba6b8918ca957","218260ec9a5138b379062decc27eab3f3597d1872a400acb4b6638ce85c49442","7fc0289494e0056f4b891f160ff48ad8df4e8ab6f8a0390876717a9f531edf3d","9129f36cb062db19c876c930091489d365943f40c30092920c282ac880fb9abe","c238e2a0f3eabd5e696baab1458931a33618694c1564a4e2cd4b1cf5ef7d92ee","5577d2f2d01b1c72f691343b4ffc2912278f46867b6f127917a78bf83196cbfc","9c10f1ab8787ecf1c77a730a0018d371454c54aa76119dcaa8228516b733a7a0","89ae6b495bb3b908a4a83efabc1dd368c056c4e4ad1ffbe41d995501dda01d19","3dd9c8b9dc20152d8b4f4b34ceb83a4edff85e0e7bb79a4112d4aa66c13f2654","f9be5e832b312f16a5d83d66617b62f72f8694a39d2a62c2d719fe64a5de71b2","e9f8b27662d0742b4cce53f41ee0c70ef8fad442309c387f6b7a97d4f8d8cf2d","54dd3edd045e00587dd23f62d7fbfff4070d26e84c0129cc61427329c6e01fb7","a8f94c8732ea77694dd3442f7cb4aa925bcd2060b5dd4fcbc1527758e943cd8b","75a23861c9e2cf1e545acdad90e88d8c2ea4833a556a0b43ab5bab56edaaefb1","58ebe9d0cd6042d9bcdee797126c59acc7b2a583623b5f80911aac04f43fa31a","82d0ff2b7bf1ff7f830d719f4ae31efebd9828db3edd0a19be31a8152c103ba5","37c0e2e141e916fee4e05961ab2218c364dbfc6e7c8f1530bd7c41a4c6dd874a","3157df117f8905bd62d293f7faa5f3fb54cbe34a1d1562e9bbaa0be57cad118e","4fc5e8c7064eed1b456c2ffcec6df5a939f62e888d580c442e4a15582bead79c","9a53a6658ed8e736303bd619257b4c1ec71fbb0c7056eb9dd6d46f5e08d0649c","c8e0e5be83824eb5d25cd7bf769d27c29cf77cab6ca3a161a6997c233011bca3","a3b717682c15aeb46ee7bd541c85a5f744cbe9deed920df572cf9f2b66154816","401274d926c31dbd432b50aad149f87e79e96a32f5e525aafebdbe3d387f491c","9b7908e63f94b28ea2b7fb5c28ea3c827cd32292a28b7f016b4d2717b37b7ce4","989557616598b498da571b1d07ba692d2d9c91ed8ee331d62ae6af8ccf7458d0","967c2e00f108b9eb62a431c0b6695b11f25b6c4223cfdd78321c8b036ae197e7","bc08562b5dd3c54f9233c24a444bbbb78dc2b9ba14da221be6bd4c0e8335200a","1dba8683c576e128b89e77b7b7c0c9deefc002261b8a15851bd32416e412a6fc","dcc13f2108752910db8877d94211c8f658a60cb57e96d3daa22ea81563e38a15","468bf8175492b5cc60c3fdb85cf1e28086063622a2d8c3c75b0d644d3ea9ff4a","735174f8195aff11815b542032294a0553db7725801904dc974c8d5a71b1b928","af58b8da1d0f97f258d8584516bab4c5c096460fb6650951f68163cabfd9987e","a4f0688b42a1fc02e8661c00c0e8d9c30b3513922e9a248c5a55b460329c7998","8c4e2f12561d4876530d0ba1e7a684608f51b9c2295eb7a4afd3ab625529e301","2ea4d8fb8ed94d97269136de9de20bf788054803870c24f574703cef20fe7290","b50624cf025f69ffd9bd2401c27262eb8523039c604ce7b3b203951dc2e70b33","6ddbacbfc9941705a6a3a904a1adde452cc172dbd81f3013a77417f84e7a7a12","9fb894e3f70dd393890fc146bd67926c8c8e87c79105792f4fa646eb6ecda461","235985e8e5326e104dabf590cbedb7f14bdfd375bdb8a5b07e1a770efafb6abf","54203a78a875482661275e057668aca94359e1035b1ef00859305f7dda2ea884"],"uploadUrl":"https://upload-firebasehosting.googleapis.com/upload/sites/tani-agent/versions/445fb04c86345a47/files"}
[debug] [2026-05-14T09:10:54.229Z] Checked if tokens are valid: true, expires at: 1778753415448
[debug] [2026-05-14T09:10:54.230Z] Checked if tokens are valid: true, expires at: 1778753415448
[debug] [2026-05-14T09:10:54.231Z] Checked if tokens are valid: true, expires at: 1778753415448
[debug] [2026-05-14T09:10:54.231Z] Checked if tokens are valid: true, expires at: 1778753415448
[debug] [2026-05-14T09:10:54.233Z] Checked if tokens are valid: true, expires at: 1778753415448
[debug] [2026-05-14T09:10:54.233Z] Checked if tokens are valid: true, expires at: 1778753415448
[debug] [2026-05-14T09:10:54.235Z] Checked if tokens are valid: true, expires at: 1778753415448
[debug] [2026-05-14T09:10:54.235Z] Checked if tokens are valid: true, expires at: 1778753415448
[debug] [2026-05-14T09:10:54.237Z] Checked if tokens are valid: true, expires at: 1778753415448
[debug] [2026-05-14T09:10:54.238Z] Checked if tokens are valid: true, expires at: 1778753415448
[debug] [2026-05-14T09:10:54.240Z] Checked if tokens are valid: true, expires at: 1778753415448
[debug] [2026-05-14T09:10:54.240Z] Checked if tokens are valid: true, expires at: 1778753415448
[debug] [2026-05-14T09:10:54.242Z] Checked if tokens are valid: true, expires at: 1778753415448
[debug] [2026-05-14T09:10:54.242Z] Checked if tokens are valid: true, expires at: 1778753415448
[debug] [2026-05-14T09:10:54.244Z] Checked if tokens are valid: true, expires at: 1778753415448
[debug] [2026-05-14T09:10:54.244Z] Checked if tokens are valid: true, expires at: 1778753415448
[debug] [2026-05-14T09:10:54.246Z] Checked if tokens are valid: true, expires at: 1778753415448
[debug] [2026-05-14T09:10:54.246Z] Checked if tokens are valid: true, expires at: 1778753415448
[debug] [2026-05-14T09:10:54.248Z] Checked if tokens are valid: true, expires at: 1778753415448
[debug] [2026-05-14T09:10:54.249Z] Checked if tokens are valid: true, expires at: 1778753415448
[debug] [2026-05-14T09:10:54.250Z] Checked if tokens are valid: true, expires at: 1778753415448
[debug] [2026-05-14T09:10:54.251Z] Checked if tokens are valid: true, expires at: 1778753415448
[debug] [2026-05-14T09:10:54.256Z] Checked if tokens are valid: true, expires at: 1778753415448
[debug] [2026-05-14T09:10:54.258Z] Checked if tokens are valid: true, expires at: 1778753415448
[debug] [2026-05-14T09:10:54.260Z] Checked if tokens are valid: true, expires at: 1778753415448
[debug] [2026-05-14T09:10:54.261Z] Checked if tokens are valid: true, expires at: 1778753415448
[debug] [2026-05-14T09:10:54.264Z] Checked if tokens are valid: true, expires at: 1778753415448
[debug] [2026-05-14T09:10:54.265Z] Checked if tokens are valid: true, expires at: 1778753415448
[debug] [2026-05-14T09:10:54.266Z] Checked if tokens are valid: true, expires at: 1778753415448
[debug] [2026-05-14T09:10:54.267Z] Checked if tokens are valid: true, expires at: 1778753415448
[debug] [2026-05-14T09:10:54.269Z] Checked if tokens are valid: true, expires at: 1778753415448
[debug] [2026-05-14T09:10:54.270Z] Checked if tokens are valid: true, expires at: 1778753415448
[debug] [2026-05-14T09:10:54.271Z] Checked if tokens are valid: true, expires at: 1778753415448
[debug] [2026-05-14T09:10:54.272Z] Checked if tokens are valid: true, expires at: 1778753415448
[debug] [2026-05-14T09:10:54.273Z] Checked if tokens are valid: true, expires at: 1778753415448
[debug] [2026-05-14T09:10:54.274Z] Checked if tokens are valid: true, expires at: 1778753415448
[debug] [2026-05-14T09:10:54.277Z] Checked if tokens are valid: true, expires at: 1778753415448
[debug] [2026-05-14T09:10:54.277Z] Checked if tokens are valid: true, expires at: 1778753415448
[debug] [2026-05-14T09:10:54.279Z] Checked if tokens are valid: true, expires at: 1778753415448
[debug] [2026-05-14T09:10:54.280Z] Checked if tokens are valid: true, expires at: 1778753415448
[debug] [2026-05-14T09:10:54.281Z] Checked if tokens are valid: true, expires at: 1778753415448
[debug] [2026-05-14T09:10:54.281Z] Checked if tokens are valid: true, expires at: 1778753415448
[debug] [2026-05-14T09:10:54.283Z] Checked if tokens are valid: true, expires at: 1778753415448
[debug] [2026-05-14T09:10:54.283Z] Checked if tokens are valid: true, expires at: 1778753415448
[debug] [2026-05-14T09:10:54.285Z] Checked if tokens are valid: true, expires at: 1778753415448
[debug] [2026-05-14T09:10:54.285Z] Checked if tokens are valid: true, expires at: 1778753415448
[debug] [2026-05-14T09:10:54.287Z] Checked if tokens are valid: true, expires at: 1778753415448
[debug] [2026-05-14T09:10:54.287Z] Checked if tokens are valid: true, expires at: 1778753415448
[debug] [2026-05-14T09:10:54.289Z] Checked if tokens are valid: true, expires at: 1778753415448
[debug] [2026-05-14T09:10:54.291Z] Checked if tokens are valid: true, expires at: 1778753415448
[debug] [2026-05-14T09:10:54.293Z] Checked if tokens are valid: true, expires at: 1778753415448
[debug] [2026-05-14T09:10:54.293Z] Checked if tokens are valid: true, expires at: 1778753415448
[debug] [2026-05-14T09:10:54.295Z] Checked if tokens are valid: true, expires at: 1778753415448
[debug] [2026-05-14T09:10:54.295Z] Checked if tokens are valid: true, expires at: 1778753415448
[debug] [2026-05-14T09:10:54.297Z] Checked if tokens are valid: true, expires at: 1778753415448
[debug] [2026-05-14T09:10:54.297Z] Checked if tokens are valid: true, expires at: 1778753415448
[debug] [2026-05-14T09:10:54.299Z] Checked if tokens are valid: true, expires at: 1778753415448
[debug] [2026-05-14T09:10:54.299Z] Checked if tokens are valid: true, expires at: 1778753415448
[debug] [2026-05-14T09:10:54.300Z] Checked if tokens are valid: true, expires at: 1778753415448
[debug] [2026-05-14T09:10:54.301Z] Checked if tokens are valid: true, expires at: 1778753415448
[debug] [2026-05-14T09:10:54.302Z] Checked if tokens are valid: true, expires at: 1778753415448
[debug] [2026-05-14T09:10:54.303Z] Checked if tokens are valid: true, expires at: 1778753415448
[debug] [2026-05-14T09:10:54.305Z] Checked if tokens are valid: true, expires at: 1778753415448
[debug] [2026-05-14T09:10:54.306Z] Checked if tokens are valid: true, expires at: 1778753415448
[debug] [2026-05-14T09:10:54.308Z] Checked if tokens are valid: true, expires at: 1778753415448
[debug] [2026-05-14T09:10:54.308Z] Checked if tokens are valid: true, expires at: 1778753415448
[debug] [2026-05-14T09:10:54.310Z] Checked if tokens are valid: true, expires at: 1778753415448
[debug] [2026-05-14T09:10:54.310Z] Checked if tokens are valid: true, expires at: 1778753415448
[debug] [2026-05-14T09:10:54.311Z] Checked if tokens are valid: true, expires at: 1778753415448
[debug] [2026-05-14T09:10:54.311Z] Checked if tokens are valid: true, expires at: 1778753415448
[debug] [2026-05-14T09:10:54.313Z] Checked if tokens are valid: true, expires at: 1778753415448
[debug] [2026-05-14T09:10:54.313Z] Checked if tokens are valid: true, expires at: 1778753415448
[debug] [2026-05-14T09:10:54.315Z] Checked if tokens are valid: true, expires at: 1778753415448
[debug] [2026-05-14T09:10:54.316Z] Checked if tokens are valid: true, expires at: 1778753415448
[debug] [2026-05-14T09:10:54.317Z] Checked if tokens are valid: true, expires at: 1778753415448
[debug] [2026-05-14T09:10:54.318Z] Checked if tokens are valid: true, expires at: 1778753415448
[debug] [2026-05-14T09:10:54.319Z] Checked if tokens are valid: true, expires at: 1778753415448
[debug] [2026-05-14T09:10:54.320Z] Checked if tokens are valid: true, expires at: 1778753415448
[debug] [2026-05-14T09:10:54.323Z] Checked if tokens are valid: true, expires at: 1778753415448
[debug] [2026-05-14T09:10:54.324Z] Checked if tokens are valid: true, expires at: 1778753415448
[debug] [2026-05-14T09:10:54.326Z] Checked if tokens are valid: true, expires at: 1778753415448
[debug] [2026-05-14T09:10:54.326Z] Checked if tokens are valid: true, expires at: 1778753415448
[debug] [2026-05-14T09:10:54.328Z] >>> [apiv2][query] POST https://upload-firebasehosting.googleapis.com/upload/sites/tani-agent/versions/445fb04c86345a47/files/1c6b3fe9a0a6e1311cb8edbc44073f13f42a4d4200ee054ebf24bde132f4036a [none]
[debug] [2026-05-14T09:10:54.329Z] >>> [apiv2][body] POST https://upload-firebasehosting.googleapis.com/upload/sites/tani-agent/versions/445fb04c86345a47/files/1c6b3fe9a0a6e1311cb8edbc44073f13f42a4d4200ee054ebf24bde132f4036a [stream]
[debug] [2026-05-14T09:10:54.335Z] >>> [apiv2][query] POST https://upload-firebasehosting.googleapis.com/upload/sites/tani-agent/versions/445fb04c86345a47/files/2874e69033cce6f326091f31b51fb9c0ff186308536ab251b22ba6b8918ca957 [none]
[debug] [2026-05-14T09:10:54.336Z] >>> [apiv2][body] POST https://upload-firebasehosting.googleapis.com/upload/sites/tani-agent/versions/445fb04c86345a47/files/2874e69033cce6f326091f31b51fb9c0ff186308536ab251b22ba6b8918ca957 [stream]
[debug] [2026-05-14T09:10:54.359Z] >>> [apiv2][query] POST https://upload-firebasehosting.googleapis.com/upload/sites/tani-agent/versions/445fb04c86345a47/files/218260ec9a5138b379062decc27eab3f3597d1872a400acb4b6638ce85c49442 [none]
[debug] [2026-05-14T09:10:54.360Z] >>> [apiv2][body] POST https://upload-firebasehosting.googleapis.com/upload/sites/tani-agent/versions/445fb04c86345a47/files/218260ec9a5138b379062decc27eab3f3597d1872a400acb4b6638ce85c49442 [stream]
[debug] [2026-05-14T09:10:54.374Z] >>> [apiv2][query] POST https://upload-firebasehosting.googleapis.com/upload/sites/tani-agent/versions/445fb04c86345a47/files/7fc0289494e0056f4b891f160ff48ad8df4e8ab6f8a0390876717a9f531edf3d [none]
[debug] [2026-05-14T09:10:54.375Z] >>> [apiv2][body] POST https://upload-firebasehosting.googleapis.com/upload/sites/tani-agent/versions/445fb04c86345a47/files/7fc0289494e0056f4b891f160ff48ad8df4e8ab6f8a0390876717a9f531edf3d [stream]
[debug] [2026-05-14T09:10:54.388Z] >>> [apiv2][query] POST https://upload-firebasehosting.googleapis.com/upload/sites/tani-agent/versions/445fb04c86345a47/files/9129f36cb062db19c876c930091489d365943f40c30092920c282ac880fb9abe [none]
[debug] [2026-05-14T09:10:54.391Z] >>> [apiv2][body] POST https://upload-firebasehosting.googleapis.com/upload/sites/tani-agent/versions/445fb04c86345a47/files/9129f36cb062db19c876c930091489d365943f40c30092920c282ac880fb9abe [stream]
[debug] [2026-05-14T09:10:54.413Z] >>> [apiv2][query] POST https://upload-firebasehosting.googleapis.com/upload/sites/tani-agent/versions/445fb04c86345a47/files/c238e2a0f3eabd5e696baab1458931a33618694c1564a4e2cd4b1cf5ef7d92ee [none]
[debug] [2026-05-14T09:10:54.413Z] >>> [apiv2][body] POST https://upload-firebasehosting.googleapis.com/upload/sites/tani-agent/versions/445fb04c86345a47/files/c238e2a0f3eabd5e696baab1458931a33618694c1564a4e2cd4b1cf5ef7d92ee [stream]
[debug] [2026-05-14T09:10:54.433Z] >>> [apiv2][query] POST https://upload-firebasehosting.googleapis.com/upload/sites/tani-agent/versions/445fb04c86345a47/files/5577d2f2d01b1c72f691343b4ffc2912278f46867b6f127917a78bf83196cbfc [none]
[debug] [2026-05-14T09:10:54.435Z] >>> [apiv2][body] POST https://upload-firebasehosting.googleapis.com/upload/sites/tani-agent/versions/445fb04c86345a47/files/5577d2f2d01b1c72f691343b4ffc2912278f46867b6f127917a78bf83196cbfc [stream]
[debug] [2026-05-14T09:10:54.449Z] >>> [apiv2][query] POST https://upload-firebasehosting.googleapis.com/upload/sites/tani-agent/versions/445fb04c86345a47/files/9c10f1ab8787ecf1c77a730a0018d371454c54aa76119dcaa8228516b733a7a0 [none]
[debug] [2026-05-14T09:10:54.451Z] >>> [apiv2][body] POST https://upload-firebasehosting.googleapis.com/upload/sites/tani-agent/versions/445fb04c86345a47/files/9c10f1ab8787ecf1c77a730a0018d371454c54aa76119dcaa8228516b733a7a0 [stream]
[debug] [2026-05-14T09:10:54.462Z] >>> [apiv2][query] POST https://upload-firebasehosting.googleapis.com/upload/sites/tani-agent/versions/445fb04c86345a47/files/89ae6b495bb3b908a4a83efabc1dd368c056c4e4ad1ffbe41d995501dda01d19 [none]
[debug] [2026-05-14T09:10:54.462Z] >>> [apiv2][body] POST https://upload-firebasehosting.googleapis.com/upload/sites/tani-agent/versions/445fb04c86345a47/files/89ae6b495bb3b908a4a83efabc1dd368c056c4e4ad1ffbe41d995501dda01d19 [stream]
[debug] [2026-05-14T09:10:54.468Z] >>> [apiv2][query] POST https://upload-firebasehosting.googleapis.com/upload/sites/tani-agent/versions/445fb04c86345a47/files/3dd9c8b9dc20152d8b4f4b34ceb83a4edff85e0e7bb79a4112d4aa66c13f2654 [none]
[debug] [2026-05-14T09:10:54.473Z] >>> [apiv2][body] POST https://upload-firebasehosting.googleapis.com/upload/sites/tani-agent/versions/445fb04c86345a47/files/3dd9c8b9dc20152d8b4f4b34ceb83a4edff85e0e7bb79a4112d4aa66c13f2654 [stream]
[debug] [2026-05-14T09:10:54.480Z] >>> [apiv2][query] POST https://upload-firebasehosting.googleapis.com/upload/sites/tani-agent/versions/445fb04c86345a47/files/f9be5e832b312f16a5d83d66617b62f72f8694a39d2a62c2d719fe64a5de71b2 [none]
[debug] [2026-05-14T09:10:54.480Z] >>> [apiv2][body] POST https://upload-firebasehosting.googleapis.com/upload/sites/tani-agent/versions/445fb04c86345a47/files/f9be5e832b312f16a5d83d66617b62f72f8694a39d2a62c2d719fe64a5de71b2 [stream]
[debug] [2026-05-14T09:10:54.488Z] >>> [apiv2][query] POST https://upload-firebasehosting.googleapis.com/upload/sites/tani-agent/versions/445fb04c86345a47/files/e9f8b27662d0742b4cce53f41ee0c70ef8fad442309c387f6b7a97d4f8d8cf2d [none]
[debug] [2026-05-14T09:10:54.489Z] >>> [apiv2][body] POST https://upload-firebasehosting.googleapis.com/upload/sites/tani-agent/versions/445fb04c86345a47/files/e9f8b27662d0742b4cce53f41ee0c70ef8fad442309c387f6b7a97d4f8d8cf2d [stream]
[debug] [2026-05-14T09:10:54.494Z] >>> [apiv2][query] POST https://upload-firebasehosting.googleapis.com/upload/sites/tani-agent/versions/445fb04c86345a47/files/54dd3edd045e00587dd23f62d7fbfff4070d26e84c0129cc61427329c6e01fb7 [none]
[debug] [2026-05-14T09:10:54.494Z] >>> [apiv2][body] POST https://upload-firebasehosting.googleapis.com/upload/sites/tani-agent/versions/445fb04c86345a47/files/54dd3edd045e00587dd23f62d7fbfff4070d26e84c0129cc61427329c6e01fb7 [stream]
[debug] [2026-05-14T09:10:54.502Z] >>> [apiv2][query] POST https://upload-firebasehosting.googleapis.com/upload/sites/tani-agent/versions/445fb04c86345a47/files/a8f94c8732ea77694dd3442f7cb4aa925bcd2060b5dd4fcbc1527758e943cd8b [none]
[debug] [2026-05-14T09:10:54.502Z] >>> [apiv2][body] POST https://upload-firebasehosting.googleapis.com/upload/sites/tani-agent/versions/445fb04c86345a47/files/a8f94c8732ea77694dd3442f7cb4aa925bcd2060b5dd4fcbc1527758e943cd8b [stream]
[debug] [2026-05-14T09:10:54.509Z] >>> [apiv2][query] POST https://upload-firebasehosting.googleapis.com/upload/sites/tani-agent/versions/445fb04c86345a47/files/75a23861c9e2cf1e545acdad90e88d8c2ea4833a556a0b43ab5bab56edaaefb1 [none]
[debug] [2026-05-14T09:10:54.509Z] >>> [apiv2][body] POST https://upload-firebasehosting.googleapis.com/upload/sites/tani-agent/versions/445fb04c86345a47/files/75a23861c9e2cf1e545acdad90e88d8c2ea4833a556a0b43ab5bab56edaaefb1 [stream]
[debug] [2026-05-14T09:10:54.516Z] >>> [apiv2][query] POST https://upload-firebasehosting.googleapis.com/upload/sites/tani-agent/versions/445fb04c86345a47/files/58ebe9d0cd6042d9bcdee797126c59acc7b2a583623b5f80911aac04f43fa31a [none]
[debug] [2026-05-14T09:10:54.516Z] >>> [apiv2][body] POST https://upload-firebasehosting.googleapis.com/upload/sites/tani-agent/versions/445fb04c86345a47/files/58ebe9d0cd6042d9bcdee797126c59acc7b2a583623b5f80911aac04f43fa31a [stream]
[debug] [2026-05-14T09:10:54.524Z] >>> [apiv2][query] POST https://upload-firebasehosting.googleapis.com/upload/sites/tani-agent/versions/445fb04c86345a47/files/82d0ff2b7bf1ff7f830d719f4ae31efebd9828db3edd0a19be31a8152c103ba5 [none]
[debug] [2026-05-14T09:10:54.524Z] >>> [apiv2][body] POST https://upload-firebasehosting.googleapis.com/upload/sites/tani-agent/versions/445fb04c86345a47/files/82d0ff2b7bf1ff7f830d719f4ae31efebd9828db3edd0a19be31a8152c103ba5 [stream]
[debug] [2026-05-14T09:10:54.528Z] >>> [apiv2][query] POST https://upload-firebasehosting.googleapis.com/upload/sites/tani-agent/versions/445fb04c86345a47/files/37c0e2e141e916fee4e05961ab2218c364dbfc6e7c8f1530bd7c41a4c6dd874a [none]
[debug] [2026-05-14T09:10:54.528Z] >>> [apiv2][body] POST https://upload-firebasehosting.googleapis.com/upload/sites/tani-agent/versions/445fb04c86345a47/files/37c0e2e141e916fee4e05961ab2218c364dbfc6e7c8f1530bd7c41a4c6dd874a [stream]
[debug] [2026-05-14T09:10:54.533Z] >>> [apiv2][query] POST https://upload-firebasehosting.googleapis.com/upload/sites/tani-agent/versions/445fb04c86345a47/files/3157df117f8905bd62d293f7faa5f3fb54cbe34a1d1562e9bbaa0be57cad118e [none]
[debug] [2026-05-14T09:10:54.533Z] >>> [apiv2][body] POST https://upload-firebasehosting.googleapis.com/upload/sites/tani-agent/versions/445fb04c86345a47/files/3157df117f8905bd62d293f7faa5f3fb54cbe34a1d1562e9bbaa0be57cad118e [stream]
[debug] [2026-05-14T09:10:54.537Z] >>> [apiv2][query] POST https://upload-firebasehosting.googleapis.com/upload/sites/tani-agent/versions/445fb04c86345a47/files/4fc5e8c7064eed1b456c2ffcec6df5a939f62e888d580c442e4a15582bead79c [none]
[debug] [2026-05-14T09:10:54.537Z] >>> [apiv2][body] POST https://upload-firebasehosting.googleapis.com/upload/sites/tani-agent/versions/445fb04c86345a47/files/4fc5e8c7064eed1b456c2ffcec6df5a939f62e888d580c442e4a15582bead79c [stream]
[debug] [2026-05-14T09:10:54.540Z] >>> [apiv2][query] POST https://upload-firebasehosting.googleapis.com/upload/sites/tani-agent/versions/445fb04c86345a47/files/9a53a6658ed8e736303bd619257b4c1ec71fbb0c7056eb9dd6d46f5e08d0649c [none]
[debug] [2026-05-14T09:10:54.541Z] >>> [apiv2][body] POST https://upload-firebasehosting.googleapis.com/upload/sites/tani-agent/versions/445fb04c86345a47/files/9a53a6658ed8e736303bd619257b4c1ec71fbb0c7056eb9dd6d46f5e08d0649c [stream]
[debug] [2026-05-14T09:10:54.543Z] >>> [apiv2][query] POST https://upload-firebasehosting.googleapis.com/upload/sites/tani-agent/versions/445fb04c86345a47/files/c8e0e5be83824eb5d25cd7bf769d27c29cf77cab6ca3a161a6997c233011bca3 [none]
[debug] [2026-05-14T09:10:54.544Z] >>> [apiv2][body] POST https://upload-firebasehosting.googleapis.com/upload/sites/tani-agent/versions/445fb04c86345a47/files/c8e0e5be83824eb5d25cd7bf769d27c29cf77cab6ca3a161a6997c233011bca3 [stream]
[debug] [2026-05-14T09:10:54.546Z] >>> [apiv2][query] POST https://upload-firebasehosting.googleapis.com/upload/sites/tani-agent/versions/445fb04c86345a47/files/a3b717682c15aeb46ee7bd541c85a5f744cbe9deed920df572cf9f2b66154816 [none]
[debug] [2026-05-14T09:10:54.546Z] >>> [apiv2][body] POST https://upload-firebasehosting.googleapis.com/upload/sites/tani-agent/versions/445fb04c86345a47/files/a3b717682c15aeb46ee7bd541c85a5f744cbe9deed920df572cf9f2b66154816 [stream]
[debug] [2026-05-14T09:10:54.549Z] >>> [apiv2][query] POST https://upload-firebasehosting.googleapis.com/upload/sites/tani-agent/versions/445fb04c86345a47/files/401274d926c31dbd432b50aad149f87e79e96a32f5e525aafebdbe3d387f491c [none]
[debug] [2026-05-14T09:10:54.549Z] >>> [apiv2][body] POST https://upload-firebasehosting.googleapis.com/upload/sites/tani-agent/versions/445fb04c86345a47/files/401274d926c31dbd432b50aad149f87e79e96a32f5e525aafebdbe3d387f491c [stream]
[debug] [2026-05-14T09:10:54.552Z] >>> [apiv2][query] POST https://upload-firebasehosting.googleapis.com/upload/sites/tani-agent/versions/445fb04c86345a47/files/9b7908e63f94b28ea2b7fb5c28ea3c827cd32292a28b7f016b4d2717b37b7ce4 [none]
[debug] [2026-05-14T09:10:54.552Z] >>> [apiv2][body] POST https://upload-firebasehosting.googleapis.com/upload/sites/tani-agent/versions/445fb04c86345a47/files/9b7908e63f94b28ea2b7fb5c28ea3c827cd32292a28b7f016b4d2717b37b7ce4 [stream]
[debug] [2026-05-14T09:10:54.554Z] >>> [apiv2][query] POST https://upload-firebasehosting.googleapis.com/upload/sites/tani-agent/versions/445fb04c86345a47/files/989557616598b498da571b1d07ba692d2d9c91ed8ee331d62ae6af8ccf7458d0 [none]
[debug] [2026-05-14T09:10:54.555Z] >>> [apiv2][body] POST https://upload-firebasehosting.googleapis.com/upload/sites/tani-agent/versions/445fb04c86345a47/files/989557616598b498da571b1d07ba692d2d9c91ed8ee331d62ae6af8ccf7458d0 [stream]
[debug] [2026-05-14T09:10:54.558Z] >>> [apiv2][query] POST https://upload-firebasehosting.googleapis.com/upload/sites/tani-agent/versions/445fb04c86345a47/files/967c2e00f108b9eb62a431c0b6695b11f25b6c4223cfdd78321c8b036ae197e7 [none]
[debug] [2026-05-14T09:10:54.558Z] >>> [apiv2][body] POST https://upload-firebasehosting.googleapis.com/upload/sites/tani-agent/versions/445fb04c86345a47/files/967c2e00f108b9eb62a431c0b6695b11f25b6c4223cfdd78321c8b036ae197e7 [stream]
[debug] [2026-05-14T09:10:54.561Z] >>> [apiv2][query] POST https://upload-firebasehosting.googleapis.com/upload/sites/tani-agent/versions/445fb04c86345a47/files/bc08562b5dd3c54f9233c24a444bbbb78dc2b9ba14da221be6bd4c0e8335200a [none]
[debug] [2026-05-14T09:10:54.561Z] >>> [apiv2][body] POST https://upload-firebasehosting.googleapis.com/upload/sites/tani-agent/versions/445fb04c86345a47/files/bc08562b5dd3c54f9233c24a444bbbb78dc2b9ba14da221be6bd4c0e8335200a [stream]
[debug] [2026-05-14T09:10:54.569Z] >>> [apiv2][query] POST https://upload-firebasehosting.googleapis.com/upload/sites/tani-agent/versions/445fb04c86345a47/files/1dba8683c576e128b89e77b7b7c0c9deefc002261b8a15851bd32416e412a6fc [none]
[debug] [2026-05-14T09:10:54.569Z] >>> [apiv2][body] POST https://upload-firebasehosting.googleapis.com/upload/sites/tani-agent/versions/445fb04c86345a47/files/1dba8683c576e128b89e77b7b7c0c9deefc002261b8a15851bd32416e412a6fc [stream]
[debug] [2026-05-14T09:10:54.578Z] >>> [apiv2][query] POST https://upload-firebasehosting.googleapis.com/upload/sites/tani-agent/versions/445fb04c86345a47/files/dcc13f2108752910db8877d94211c8f658a60cb57e96d3daa22ea81563e38a15 [none]
[debug] [2026-05-14T09:10:54.579Z] >>> [apiv2][body] POST https://upload-firebasehosting.googleapis.com/upload/sites/tani-agent/versions/445fb04c86345a47/files/dcc13f2108752910db8877d94211c8f658a60cb57e96d3daa22ea81563e38a15 [stream]
[debug] [2026-05-14T09:10:54.585Z] >>> [apiv2][query] POST https://upload-firebasehosting.googleapis.com/upload/sites/tani-agent/versions/445fb04c86345a47/files/468bf8175492b5cc60c3fdb85cf1e28086063622a2d8c3c75b0d644d3ea9ff4a [none]
[debug] [2026-05-14T09:10:54.585Z] >>> [apiv2][body] POST https://upload-firebasehosting.googleapis.com/upload/sites/tani-agent/versions/445fb04c86345a47/files/468bf8175492b5cc60c3fdb85cf1e28086063622a2d8c3c75b0d644d3ea9ff4a [stream]
[debug] [2026-05-14T09:10:54.589Z] >>> [apiv2][query] POST https://upload-firebasehosting.googleapis.com/upload/sites/tani-agent/versions/445fb04c86345a47/files/735174f8195aff11815b542032294a0553db7725801904dc974c8d5a71b1b928 [none]
[debug] [2026-05-14T09:10:54.590Z] >>> [apiv2][body] POST https://upload-firebasehosting.googleapis.com/upload/sites/tani-agent/versions/445fb04c86345a47/files/735174f8195aff11815b542032294a0553db7725801904dc974c8d5a71b1b928 [stream]
[debug] [2026-05-14T09:10:54.594Z] >>> [apiv2][query] POST https://upload-firebasehosting.googleapis.com/upload/sites/tani-agent/versions/445fb04c86345a47/files/af58b8da1d0f97f258d8584516bab4c5c096460fb6650951f68163cabfd9987e [none]
[debug] [2026-05-14T09:10:54.594Z] >>> [apiv2][body] POST https://upload-firebasehosting.googleapis.com/upload/sites/tani-agent/versions/445fb04c86345a47/files/af58b8da1d0f97f258d8584516bab4c5c096460fb6650951f68163cabfd9987e [stream]
[debug] [2026-05-14T09:10:54.597Z] >>> [apiv2][query] POST https://upload-firebasehosting.googleapis.com/upload/sites/tani-agent/versions/445fb04c86345a47/files/a4f0688b42a1fc02e8661c00c0e8d9c30b3513922e9a248c5a55b460329c7998 [none]
[debug] [2026-05-14T09:10:54.597Z] >>> [apiv2][body] POST https://upload-firebasehosting.googleapis.com/upload/sites/tani-agent/versions/445fb04c86345a47/files/a4f0688b42a1fc02e8661c00c0e8d9c30b3513922e9a248c5a55b460329c7998 [stream]
[debug] [2026-05-14T09:10:54.600Z] >>> [apiv2][query] POST https://upload-firebasehosting.googleapis.com/upload/sites/tani-agent/versions/445fb04c86345a47/files/8c4e2f12561d4876530d0ba1e7a684608f51b9c2295eb7a4afd3ab625529e301 [none]
[debug] [2026-05-14T09:10:54.600Z] >>> [apiv2][body] POST https://upload-firebasehosting.googleapis.com/upload/sites/tani-agent/versions/445fb04c86345a47/files/8c4e2f12561d4876530d0ba1e7a684608f51b9c2295eb7a4afd3ab625529e301 [stream]
[debug] [2026-05-14T09:10:54.603Z] >>> [apiv2][query] POST https://upload-firebasehosting.googleapis.com/upload/sites/tani-agent/versions/445fb04c86345a47/files/2ea4d8fb8ed94d97269136de9de20bf788054803870c24f574703cef20fe7290 [none]
[debug] [2026-05-14T09:10:54.603Z] >>> [apiv2][body] POST https://upload-firebasehosting.googleapis.com/upload/sites/tani-agent/versions/445fb04c86345a47/files/2ea4d8fb8ed94d97269136de9de20bf788054803870c24f574703cef20fe7290 [stream]
[debug] [2026-05-14T09:10:54.606Z] >>> [apiv2][query] POST https://upload-firebasehosting.googleapis.com/upload/sites/tani-agent/versions/445fb04c86345a47/files/b50624cf025f69ffd9bd2401c27262eb8523039c604ce7b3b203951dc2e70b33 [none]
[debug] [2026-05-14T09:10:54.607Z] >>> [apiv2][body] POST https://upload-firebasehosting.googleapis.com/upload/sites/tani-agent/versions/445fb04c86345a47/files/b50624cf025f69ffd9bd2401c27262eb8523039c604ce7b3b203951dc2e70b33 [stream]
[debug] [2026-05-14T09:10:54.609Z] >>> [apiv2][query] POST https://upload-firebasehosting.googleapis.com/upload/sites/tani-agent/versions/445fb04c86345a47/files/6ddbacbfc9941705a6a3a904a1adde452cc172dbd81f3013a77417f84e7a7a12 [none]
[debug] [2026-05-14T09:10:54.610Z] >>> [apiv2][body] POST https://upload-firebasehosting.googleapis.com/upload/sites/tani-agent/versions/445fb04c86345a47/files/6ddbacbfc9941705a6a3a904a1adde452cc172dbd81f3013a77417f84e7a7a12 [stream]
[debug] [2026-05-14T09:10:54.612Z] >>> [apiv2][query] POST https://upload-firebasehosting.googleapis.com/upload/sites/tani-agent/versions/445fb04c86345a47/files/9fb894e3f70dd393890fc146bd67926c8c8e87c79105792f4fa646eb6ecda461 [none]
[debug] [2026-05-14T09:10:54.613Z] >>> [apiv2][body] POST https://upload-firebasehosting.googleapis.com/upload/sites/tani-agent/versions/445fb04c86345a47/files/9fb894e3f70dd393890fc146bd67926c8c8e87c79105792f4fa646eb6ecda461 [stream]
[debug] [2026-05-14T09:10:54.615Z] >>> [apiv2][query] POST https://upload-firebasehosting.googleapis.com/upload/sites/tani-agent/versions/445fb04c86345a47/files/235985e8e5326e104dabf590cbedb7f14bdfd375bdb8a5b07e1a770efafb6abf [none]
[debug] [2026-05-14T09:10:54.616Z] >>> [apiv2][body] POST https://upload-firebasehosting.googleapis.com/upload/sites/tani-agent/versions/445fb04c86345a47/files/235985e8e5326e104dabf590cbedb7f14bdfd375bdb8a5b07e1a770efafb6abf [stream]
[debug] [2026-05-14T09:10:54.618Z] >>> [apiv2][query] POST https://upload-firebasehosting.googleapis.com/upload/sites/tani-agent/versions/445fb04c86345a47/files/54203a78a875482661275e057668aca94359e1035b1ef00859305f7dda2ea884 [none]
[debug] [2026-05-14T09:10:54.619Z] >>> [apiv2][body] POST https://upload-firebasehosting.googleapis.com/upload/sites/tani-agent/versions/445fb04c86345a47/files/54203a78a875482661275e057668aca94359e1035b1ef00859305f7dda2ea884 [stream]
[debug] [2026-05-14T09:10:54.621Z] [hosting][populate queue][FINAL] {"max":1195,"min":1195,"avg":1195,"active":0,"complete":1,"success":1,"errored":0,"retried":0,"total":1,"elapsed":1490}
[debug] [2026-05-14T09:10:54.622Z] [hosting] uploads queued: 41
[info] i  hosting: uploading new files [0/41] (0%) 
[debug] [2026-05-14T09:10:56.346Z] <<< [apiv2][status] POST https://upload-firebasehosting.googleapis.com/upload/sites/tani-agent/versions/445fb04c86345a47/files/2ea4d8fb8ed94d97269136de9de20bf788054803870c24f574703cef20fe7290 200
[debug] [2026-05-14T09:10:56.347Z] <<< [apiv2][body] POST https://upload-firebasehosting.googleapis.com/upload/sites/tani-agent/versions/445fb04c86345a47/files/2ea4d8fb8ed94d97269136de9de20bf788054803870c24f574703cef20fe7290 [stream]
[debug] [2026-05-14T09:10:56.397Z] <<< [apiv2][status] POST https://upload-firebasehosting.googleapis.com/upload/sites/tani-agent/versions/445fb04c86345a47/files/9c10f1ab8787ecf1c77a730a0018d371454c54aa76119dcaa8228516b733a7a0 200
[debug] [2026-05-14T09:10:56.398Z] <<< [apiv2][body] POST https://upload-firebasehosting.googleapis.com/upload/sites/tani-agent/versions/445fb04c86345a47/files/9c10f1ab8787ecf1c77a730a0018d371454c54aa76119dcaa8228516b733a7a0 [stream]
[debug] [2026-05-14T09:10:56.400Z] <<< [apiv2][status] POST https://upload-firebasehosting.googleapis.com/upload/sites/tani-agent/versions/445fb04c86345a47/files/82d0ff2b7bf1ff7f830d719f4ae31efebd9828db3edd0a19be31a8152c103ba5 200
[debug] [2026-05-14T09:10:56.401Z] <<< [apiv2][body] POST https://upload-firebasehosting.googleapis.com/upload/sites/tani-agent/versions/445fb04c86345a47/files/82d0ff2b7bf1ff7f830d719f4ae31efebd9828db3edd0a19be31a8152c103ba5 [stream]
[debug] [2026-05-14T09:10:56.407Z] <<< [apiv2][status] POST https://upload-firebasehosting.googleapis.com/upload/sites/tani-agent/versions/445fb04c86345a47/files/989557616598b498da571b1d07ba692d2d9c91ed8ee331d62ae6af8ccf7458d0 200
[debug] [2026-05-14T09:10:56.407Z] <<< [apiv2][body] POST https://upload-firebasehosting.googleapis.com/upload/sites/tani-agent/versions/445fb04c86345a47/files/989557616598b498da571b1d07ba692d2d9c91ed8ee331d62ae6af8ccf7458d0 [stream]
[debug] [2026-05-14T09:10:56.412Z] <<< [apiv2][status] POST https://upload-firebasehosting.googleapis.com/upload/sites/tani-agent/versions/445fb04c86345a47/files/735174f8195aff11815b542032294a0553db7725801904dc974c8d5a71b1b928 200
[debug] [2026-05-14T09:10:56.413Z] <<< [apiv2][body] POST https://upload-firebasehosting.googleapis.com/upload/sites/tani-agent/versions/445fb04c86345a47/files/735174f8195aff11815b542032294a0553db7725801904dc974c8d5a71b1b928 [stream]
[debug] [2026-05-14T09:10:56.426Z] <<< [apiv2][status] POST https://upload-firebasehosting.googleapis.com/upload/sites/tani-agent/versions/445fb04c86345a47/files/75a23861c9e2cf1e545acdad90e88d8c2ea4833a556a0b43ab5bab56edaaefb1 200
[debug] [2026-05-14T09:10:56.426Z] <<< [apiv2][body] POST https://upload-firebasehosting.googleapis.com/upload/sites/tani-agent/versions/445fb04c86345a47/files/75a23861c9e2cf1e545acdad90e88d8c2ea4833a556a0b43ab5bab56edaaefb1 [stream]
[debug] [2026-05-14T09:10:56.435Z] <<< [apiv2][status] POST https://upload-firebasehosting.googleapis.com/upload/sites/tani-agent/versions/445fb04c86345a47/files/2874e69033cce6f326091f31b51fb9c0ff186308536ab251b22ba6b8918ca957 200
[debug] [2026-05-14T09:10:56.435Z] <<< [apiv2][body] POST https://upload-firebasehosting.googleapis.com/upload/sites/tani-agent/versions/445fb04c86345a47/files/2874e69033cce6f326091f31b51fb9c0ff186308536ab251b22ba6b8918ca957 [stream]
[debug] [2026-05-14T09:10:56.441Z] <<< [apiv2][status] POST https://upload-firebasehosting.googleapis.com/upload/sites/tani-agent/versions/445fb04c86345a47/files/a3b717682c15aeb46ee7bd541c85a5f744cbe9deed920df572cf9f2b66154816 200
[debug] [2026-05-14T09:10:56.442Z] <<< [apiv2][body] POST https://upload-firebasehosting.googleapis.com/upload/sites/tani-agent/versions/445fb04c86345a47/files/a3b717682c15aeb46ee7bd541c85a5f744cbe9deed920df572cf9f2b66154816 [stream]
[debug] [2026-05-14T09:10:56.456Z] <<< [apiv2][status] POST https://upload-firebasehosting.googleapis.com/upload/sites/tani-agent/versions/445fb04c86345a47/files/58ebe9d0cd6042d9bcdee797126c59acc7b2a583623b5f80911aac04f43fa31a 200
[debug] [2026-05-14T09:10:56.456Z] <<< [apiv2][body] POST https://upload-firebasehosting.googleapis.com/upload/sites/tani-agent/versions/445fb04c86345a47/files/58ebe9d0cd6042d9bcdee797126c59acc7b2a583623b5f80911aac04f43fa31a [stream]
[debug] [2026-05-14T09:10:56.458Z] <<< [apiv2][status] POST https://upload-firebasehosting.googleapis.com/upload/sites/tani-agent/versions/445fb04c86345a47/files/9fb894e3f70dd393890fc146bd67926c8c8e87c79105792f4fa646eb6ecda461 200
[debug] [2026-05-14T09:10:56.458Z] <<< [apiv2][body] POST https://upload-firebasehosting.googleapis.com/upload/sites/tani-agent/versions/445fb04c86345a47/files/9fb894e3f70dd393890fc146bd67926c8c8e87c79105792f4fa646eb6ecda461 [stream]
[debug] [2026-05-14T09:10:56.459Z] <<< [apiv2][status] POST https://upload-firebasehosting.googleapis.com/upload/sites/tani-agent/versions/445fb04c86345a47/files/1c6b3fe9a0a6e1311cb8edbc44073f13f42a4d4200ee054ebf24bde132f4036a 200
[debug] [2026-05-14T09:10:56.460Z] <<< [apiv2][body] POST https://upload-firebasehosting.googleapis.com/upload/sites/tani-agent/versions/445fb04c86345a47/files/1c6b3fe9a0a6e1311cb8edbc44073f13f42a4d4200ee054ebf24bde132f4036a [stream]
[debug] [2026-05-14T09:10:56.462Z] <<< [apiv2][status] POST https://upload-firebasehosting.googleapis.com/upload/sites/tani-agent/versions/445fb04c86345a47/files/c238e2a0f3eabd5e696baab1458931a33618694c1564a4e2cd4b1cf5ef7d92ee 200
[debug] [2026-05-14T09:10:56.462Z] <<< [apiv2][body] POST https://upload-firebasehosting.googleapis.com/upload/sites/tani-agent/versions/445fb04c86345a47/files/c238e2a0f3eabd5e696baab1458931a33618694c1564a4e2cd4b1cf5ef7d92ee [stream]
[debug] [2026-05-14T09:10:56.466Z] <<< [apiv2][status] POST https://upload-firebasehosting.googleapis.com/upload/sites/tani-agent/versions/445fb04c86345a47/files/9a53a6658ed8e736303bd619257b4c1ec71fbb0c7056eb9dd6d46f5e08d0649c 200
[debug] [2026-05-14T09:10:56.467Z] <<< [apiv2][body] POST https://upload-firebasehosting.googleapis.com/upload/sites/tani-agent/versions/445fb04c86345a47/files/9a53a6658ed8e736303bd619257b4c1ec71fbb0c7056eb9dd6d46f5e08d0649c [stream]
[debug] [2026-05-14T09:10:56.478Z] <<< [apiv2][status] POST https://upload-firebasehosting.googleapis.com/upload/sites/tani-agent/versions/445fb04c86345a47/files/3157df117f8905bd62d293f7faa5f3fb54cbe34a1d1562e9bbaa0be57cad118e 200
[debug] [2026-05-14T09:10:56.478Z] <<< [apiv2][body] POST https://upload-firebasehosting.googleapis.com/upload/sites/tani-agent/versions/445fb04c86345a47/files/3157df117f8905bd62d293f7faa5f3fb54cbe34a1d1562e9bbaa0be57cad118e [stream]
[debug] [2026-05-14T09:10:56.495Z] <<< [apiv2][status] POST https://upload-firebasehosting.googleapis.com/upload/sites/tani-agent/versions/445fb04c86345a47/files/9129f36cb062db19c876c930091489d365943f40c30092920c282ac880fb9abe 200
[debug] [2026-05-14T09:10:56.496Z] <<< [apiv2][body] POST https://upload-firebasehosting.googleapis.com/upload/sites/tani-agent/versions/445fb04c86345a47/files/9129f36cb062db19c876c930091489d365943f40c30092920c282ac880fb9abe [stream]
[debug] [2026-05-14T09:10:56.506Z] <<< [apiv2][status] POST https://upload-firebasehosting.googleapis.com/upload/sites/tani-agent/versions/445fb04c86345a47/files/9b7908e63f94b28ea2b7fb5c28ea3c827cd32292a28b7f016b4d2717b37b7ce4 200
[debug] [2026-05-14T09:10:56.507Z] <<< [apiv2][body] POST https://upload-firebasehosting.googleapis.com/upload/sites/tani-agent/versions/445fb04c86345a47/files/9b7908e63f94b28ea2b7fb5c28ea3c827cd32292a28b7f016b4d2717b37b7ce4 [stream]
[debug] [2026-05-14T09:10:56.509Z] <<< [apiv2][status] POST https://upload-firebasehosting.googleapis.com/upload/sites/tani-agent/versions/445fb04c86345a47/files/8c4e2f12561d4876530d0ba1e7a684608f51b9c2295eb7a4afd3ab625529e301 200
[debug] [2026-05-14T09:10:56.510Z] <<< [apiv2][body] POST https://upload-firebasehosting.googleapis.com/upload/sites/tani-agent/versions/445fb04c86345a47/files/8c4e2f12561d4876530d0ba1e7a684608f51b9c2295eb7a4afd3ab625529e301 [stream]
[debug] [2026-05-14T09:10:56.516Z] <<< [apiv2][status] POST https://upload-firebasehosting.googleapis.com/upload/sites/tani-agent/versions/445fb04c86345a47/files/7fc0289494e0056f4b891f160ff48ad8df4e8ab6f8a0390876717a9f531edf3d 200
[debug] [2026-05-14T09:10:56.516Z] <<< [apiv2][body] POST https://upload-firebasehosting.googleapis.com/upload/sites/tani-agent/versions/445fb04c86345a47/files/7fc0289494e0056f4b891f160ff48ad8df4e8ab6f8a0390876717a9f531edf3d [stream]
[debug] [2026-05-14T09:10:56.523Z] <<< [apiv2][status] POST https://upload-firebasehosting.googleapis.com/upload/sites/tani-agent/versions/445fb04c86345a47/files/37c0e2e141e916fee4e05961ab2218c364dbfc6e7c8f1530bd7c41a4c6dd874a 200
[debug] [2026-05-14T09:10:56.524Z] <<< [apiv2][body] POST https://upload-firebasehosting.googleapis.com/upload/sites/tani-agent/versions/445fb04c86345a47/files/37c0e2e141e916fee4e05961ab2218c364dbfc6e7c8f1530bd7c41a4c6dd874a [stream]
[debug] [2026-05-14T09:10:56.534Z] <<< [apiv2][status] POST https://upload-firebasehosting.googleapis.com/upload/sites/tani-agent/versions/445fb04c86345a47/files/3dd9c8b9dc20152d8b4f4b34ceb83a4edff85e0e7bb79a4112d4aa66c13f2654 200
[debug] [2026-05-14T09:10:56.535Z] <<< [apiv2][body] POST https://upload-firebasehosting.googleapis.com/upload/sites/tani-agent/versions/445fb04c86345a47/files/3dd9c8b9dc20152d8b4f4b34ceb83a4edff85e0e7bb79a4112d4aa66c13f2654 [stream]
[debug] [2026-05-14T09:10:56.542Z] <<< [apiv2][status] POST https://upload-firebasehosting.googleapis.com/upload/sites/tani-agent/versions/445fb04c86345a47/files/a8f94c8732ea77694dd3442f7cb4aa925bcd2060b5dd4fcbc1527758e943cd8b 200
[debug] [2026-05-14T09:10:56.542Z] <<< [apiv2][body] POST https://upload-firebasehosting.googleapis.com/upload/sites/tani-agent/versions/445fb04c86345a47/files/a8f94c8732ea77694dd3442f7cb4aa925bcd2060b5dd4fcbc1527758e943cd8b [stream]
[debug] [2026-05-14T09:10:56.543Z] <<< [apiv2][status] POST https://upload-firebasehosting.googleapis.com/upload/sites/tani-agent/versions/445fb04c86345a47/files/b50624cf025f69ffd9bd2401c27262eb8523039c604ce7b3b203951dc2e70b33 200
[debug] [2026-05-14T09:10:56.544Z] <<< [apiv2][body] POST https://upload-firebasehosting.googleapis.com/upload/sites/tani-agent/versions/445fb04c86345a47/files/b50624cf025f69ffd9bd2401c27262eb8523039c604ce7b3b203951dc2e70b33 [stream]
[debug] [2026-05-14T09:10:56.547Z] <<< [apiv2][status] POST https://upload-firebasehosting.googleapis.com/upload/sites/tani-agent/versions/445fb04c86345a47/files/967c2e00f108b9eb62a431c0b6695b11f25b6c4223cfdd78321c8b036ae197e7 200
[debug] [2026-05-14T09:10:56.548Z] <<< [apiv2][body] POST https://upload-firebasehosting.googleapis.com/upload/sites/tani-agent/versions/445fb04c86345a47/files/967c2e00f108b9eb62a431c0b6695b11f25b6c4223cfdd78321c8b036ae197e7 [stream]
[debug] [2026-05-14T09:10:56.563Z] <<< [apiv2][status] POST https://upload-firebasehosting.googleapis.com/upload/sites/tani-agent/versions/445fb04c86345a47/files/1dba8683c576e128b89e77b7b7c0c9deefc002261b8a15851bd32416e412a6fc 200
[debug] [2026-05-14T09:10:56.563Z] <<< [apiv2][body] POST https://upload-firebasehosting.googleapis.com/upload/sites/tani-agent/versions/445fb04c86345a47/files/1dba8683c576e128b89e77b7b7c0c9deefc002261b8a15851bd32416e412a6fc [stream]
[debug] [2026-05-14T09:10:56.597Z] <<< [apiv2][status] POST https://upload-firebasehosting.googleapis.com/upload/sites/tani-agent/versions/445fb04c86345a47/files/af58b8da1d0f97f258d8584516bab4c5c096460fb6650951f68163cabfd9987e 200
[debug] [2026-05-14T09:10:56.598Z] <<< [apiv2][body] POST https://upload-firebasehosting.googleapis.com/upload/sites/tani-agent/versions/445fb04c86345a47/files/af58b8da1d0f97f258d8584516bab4c5c096460fb6650951f68163cabfd9987e [stream]
[debug] [2026-05-14T09:10:56.618Z] <<< [apiv2][status] POST https://upload-firebasehosting.googleapis.com/upload/sites/tani-agent/versions/445fb04c86345a47/files/a4f0688b42a1fc02e8661c00c0e8d9c30b3513922e9a248c5a55b460329c7998 200
[debug] [2026-05-14T09:10:56.619Z] <<< [apiv2][body] POST https://upload-firebasehosting.googleapis.com/upload/sites/tani-agent/versions/445fb04c86345a47/files/a4f0688b42a1fc02e8661c00c0e8d9c30b3513922e9a248c5a55b460329c7998 [stream]
[debug] [2026-05-14T09:10:56.620Z] <<< [apiv2][status] POST https://upload-firebasehosting.googleapis.com/upload/sites/tani-agent/versions/445fb04c86345a47/files/235985e8e5326e104dabf590cbedb7f14bdfd375bdb8a5b07e1a770efafb6abf 200
[debug] [2026-05-14T09:10:56.620Z] <<< [apiv2][body] POST https://upload-firebasehosting.googleapis.com/upload/sites/tani-agent/versions/445fb04c86345a47/files/235985e8e5326e104dabf590cbedb7f14bdfd375bdb8a5b07e1a770efafb6abf [stream]
[debug] [2026-05-14T09:10:56.627Z] <<< [apiv2][status] POST https://upload-firebasehosting.googleapis.com/upload/sites/tani-agent/versions/445fb04c86345a47/files/54203a78a875482661275e057668aca94359e1035b1ef00859305f7dda2ea884 200
[debug] [2026-05-14T09:10:56.628Z] <<< [apiv2][body] POST https://upload-firebasehosting.googleapis.com/upload/sites/tani-agent/versions/445fb04c86345a47/files/54203a78a875482661275e057668aca94359e1035b1ef00859305f7dda2ea884 [stream]
[debug] [2026-05-14T09:10:56.629Z] <<< [apiv2][status] POST https://upload-firebasehosting.googleapis.com/upload/sites/tani-agent/versions/445fb04c86345a47/files/89ae6b495bb3b908a4a83efabc1dd368c056c4e4ad1ffbe41d995501dda01d19 200
[debug] [2026-05-14T09:10:56.629Z] <<< [apiv2][body] POST https://upload-firebasehosting.googleapis.com/upload/sites/tani-agent/versions/445fb04c86345a47/files/89ae6b495bb3b908a4a83efabc1dd368c056c4e4ad1ffbe41d995501dda01d19 [stream]
[debug] [2026-05-14T09:10:56.631Z] <<< [apiv2][status] POST https://upload-firebasehosting.googleapis.com/upload/sites/tani-agent/versions/445fb04c86345a47/files/468bf8175492b5cc60c3fdb85cf1e28086063622a2d8c3c75b0d644d3ea9ff4a 200
[debug] [2026-05-14T09:10:56.631Z] <<< [apiv2][body] POST https://upload-firebasehosting.googleapis.com/upload/sites/tani-agent/versions/445fb04c86345a47/files/468bf8175492b5cc60c3fdb85cf1e28086063622a2d8c3c75b0d644d3ea9ff4a [stream]
[debug] [2026-05-14T09:10:56.633Z] <<< [apiv2][status] POST https://upload-firebasehosting.googleapis.com/upload/sites/tani-agent/versions/445fb04c86345a47/files/e9f8b27662d0742b4cce53f41ee0c70ef8fad442309c387f6b7a97d4f8d8cf2d 200
[debug] [2026-05-14T09:10:56.634Z] <<< [apiv2][body] POST https://upload-firebasehosting.googleapis.com/upload/sites/tani-agent/versions/445fb04c86345a47/files/e9f8b27662d0742b4cce53f41ee0c70ef8fad442309c387f6b7a97d4f8d8cf2d [stream]
[debug] [2026-05-14T09:10:56.641Z] <<< [apiv2][status] POST https://upload-firebasehosting.googleapis.com/upload/sites/tani-agent/versions/445fb04c86345a47/files/dcc13f2108752910db8877d94211c8f658a60cb57e96d3daa22ea81563e38a15 200
[debug] [2026-05-14T09:10:56.641Z] <<< [apiv2][body] POST https://upload-firebasehosting.googleapis.com/upload/sites/tani-agent/versions/445fb04c86345a47/files/dcc13f2108752910db8877d94211c8f658a60cb57e96d3daa22ea81563e38a15 [stream]
[debug] [2026-05-14T09:10:56.642Z] <<< [apiv2][status] POST https://upload-firebasehosting.googleapis.com/upload/sites/tani-agent/versions/445fb04c86345a47/files/f9be5e832b312f16a5d83d66617b62f72f8694a39d2a62c2d719fe64a5de71b2 200
[debug] [2026-05-14T09:10:56.642Z] <<< [apiv2][body] POST https://upload-firebasehosting.googleapis.com/upload/sites/tani-agent/versions/445fb04c86345a47/files/f9be5e832b312f16a5d83d66617b62f72f8694a39d2a62c2d719fe64a5de71b2 [stream]
[debug] [2026-05-14T09:10:56.644Z] <<< [apiv2][status] POST https://upload-firebasehosting.googleapis.com/upload/sites/tani-agent/versions/445fb04c86345a47/files/401274d926c31dbd432b50aad149f87e79e96a32f5e525aafebdbe3d387f491c 200
[debug] [2026-05-14T09:10:56.644Z] <<< [apiv2][body] POST https://upload-firebasehosting.googleapis.com/upload/sites/tani-agent/versions/445fb04c86345a47/files/401274d926c31dbd432b50aad149f87e79e96a32f5e525aafebdbe3d387f491c [stream]
[debug] [2026-05-14T09:10:56.656Z] <<< [apiv2][status] POST https://upload-firebasehosting.googleapis.com/upload/sites/tani-agent/versions/445fb04c86345a47/files/5577d2f2d01b1c72f691343b4ffc2912278f46867b6f127917a78bf83196cbfc 200
[debug] [2026-05-14T09:10:56.656Z] <<< [apiv2][body] POST https://upload-firebasehosting.googleapis.com/upload/sites/tani-agent/versions/445fb04c86345a47/files/5577d2f2d01b1c72f691343b4ffc2912278f46867b6f127917a78bf83196cbfc [stream]
[debug] [2026-05-14T09:10:56.664Z] <<< [apiv2][status] POST https://upload-firebasehosting.googleapis.com/upload/sites/tani-agent/versions/445fb04c86345a47/files/bc08562b5dd3c54f9233c24a444bbbb78dc2b9ba14da221be6bd4c0e8335200a 200
[debug] [2026-05-14T09:10:56.665Z] <<< [apiv2][body] POST https://upload-firebasehosting.googleapis.com/upload/sites/tani-agent/versions/445fb04c86345a47/files/bc08562b5dd3c54f9233c24a444bbbb78dc2b9ba14da221be6bd4c0e8335200a [stream]
[debug] [2026-05-14T09:10:56.707Z] <<< [apiv2][status] POST https://upload-firebasehosting.googleapis.com/upload/sites/tani-agent/versions/445fb04c86345a47/files/4fc5e8c7064eed1b456c2ffcec6df5a939f62e888d580c442e4a15582bead79c 200
[debug] [2026-05-14T09:10:56.707Z] <<< [apiv2][body] POST https://upload-firebasehosting.googleapis.com/upload/sites/tani-agent/versions/445fb04c86345a47/files/4fc5e8c7064eed1b456c2ffcec6df5a939f62e888d580c442e4a15582bead79c [stream]
[debug] [2026-05-14T09:10:56.710Z] <<< [apiv2][status] POST https://upload-firebasehosting.googleapis.com/upload/sites/tani-agent/versions/445fb04c86345a47/files/c8e0e5be83824eb5d25cd7bf769d27c29cf77cab6ca3a161a6997c233011bca3 200
[debug] [2026-05-14T09:10:56.710Z] <<< [apiv2][body] POST https://upload-firebasehosting.googleapis.com/upload/sites/tani-agent/versions/445fb04c86345a47/files/c8e0e5be83824eb5d25cd7bf769d27c29cf77cab6ca3a161a6997c233011bca3 [stream]
[debug] [2026-05-14T09:10:56.712Z] <<< [apiv2][status] POST https://upload-firebasehosting.googleapis.com/upload/sites/tani-agent/versions/445fb04c86345a47/files/6ddbacbfc9941705a6a3a904a1adde452cc172dbd81f3013a77417f84e7a7a12 200
[debug] [2026-05-14T09:10:56.712Z] <<< [apiv2][body] POST https://upload-firebasehosting.googleapis.com/upload/sites/tani-agent/versions/445fb04c86345a47/files/6ddbacbfc9941705a6a3a904a1adde452cc172dbd81f3013a77417f84e7a7a12 [stream]
[debug] [2026-05-14T09:10:56.805Z] <<< [apiv2][status] POST https://upload-firebasehosting.googleapis.com/upload/sites/tani-agent/versions/445fb04c86345a47/files/218260ec9a5138b379062decc27eab3f3597d1872a400acb4b6638ce85c49442 200
[debug] [2026-05-14T09:10:56.806Z] <<< [apiv2][body] POST https://upload-firebasehosting.googleapis.com/upload/sites/tani-agent/versions/445fb04c86345a47/files/218260ec9a5138b379062decc27eab3f3597d1872a400acb4b6638ce85c49442 [stream]
[info] i  hosting: uploading new files [40/41] (97%) 
[debug] [2026-05-14T09:10:57.004Z] <<< [apiv2][status] POST https://upload-firebasehosting.googleapis.com/upload/sites/tani-agent/versions/445fb04c86345a47/files/54dd3edd045e00587dd23f62d7fbfff4070d26e84c0129cc61427329c6e01fb7 200
[debug] [2026-05-14T09:10:57.005Z] <<< [apiv2][body] POST https://upload-firebasehosting.googleapis.com/upload/sites/tani-agent/versions/445fb04c86345a47/files/54dd3edd045e00587dd23f62d7fbfff4070d26e84c0129cc61427329c6e01fb7 [stream]
[debug] [2026-05-14T09:10:57.005Z] [hosting][upload queue][FINAL] {"max":2746,"min":2035,"avg":2281.317073170732,"active":0,"complete":41,"success":41,"errored":0,"retried":0,"total":41,"elapsed":2779}
[info] i  hosting: upload complete 
[info] +  hosting[tani-agent]: file upload complete 
[debug] [2026-05-14T09:10:57.007Z] [hosting] deploy completed after 4110ms
[debug] [2026-05-14T09:10:57.008Z] [
  {
    "config": {
      "public": "out",
      "ignore": [
        "firebase.json",
        "**/.*",
        "**/node_modules/**"
      ],
      "headers": [
        {
          "source": "**",
          "headers": [
            {
              "key": "Cache-Control",
              "value": "no-cache"
            }
          ]
        }
      ],
      "site": "tani-agent"
    },
    "version": "projects/194453143865/sites/tani-agent/versions/445fb04c86345a47"
  }
]
[info] i  hosting[tani-agent]: finalizing version... 
[debug] [2026-05-14T09:10:57.013Z] Checked if tokens are valid: true, expires at: 1778753415448
[debug] [2026-05-14T09:10:57.013Z] Checked if tokens are valid: true, expires at: 1778753415448
[debug] [2026-05-14T09:10:57.014Z] >>> [apiv2][query] PATCH https://firebasehosting.googleapis.com/v1beta1/projects/-/sites/tani-agent/versions/445fb04c86345a47 updateMask=status%2Cconfig
[debug] [2026-05-14T09:10:57.014Z] >>> [apiv2][body] PATCH https://firebasehosting.googleapis.com/v1beta1/projects/-/sites/tani-agent/versions/445fb04c86345a47 {"status":"FINALIZED","config":{"headers":[{"glob":"**","headers":{"Cache-Control":"no-cache"}}]}}
[debug] [2026-05-14T09:10:57.662Z] <<< [apiv2][status] PATCH https://firebasehosting.googleapis.com/v1beta1/projects/-/sites/tani-agent/versions/445fb04c86345a47 200
[debug] [2026-05-14T09:10:57.662Z] <<< [apiv2][body] PATCH https://firebasehosting.googleapis.com/v1beta1/projects/-/sites/tani-agent/versions/445fb04c86345a47 {"name":"projects/194453143865/sites/tani-agent/versions/445fb04c86345a47","status":"FINALIZED","config":{"headers":[{"headers":{"Cache-Control":"no-cache"},"glob":"**"}]},"labels":{"deployment-tool":"cli-firebase"},"createTime":"2026-05-14T09:10:52.544294Z","createUser":{"email":"chloecwe1111@gmail.com"},"finalizeTime":"2026-05-14T09:10:57.838340Z","finalizeUser":{"email":"chloecwe1111@gmail.com"}}
[debug] [2026-05-14T09:10:57.663Z] [hosting] finalized version for tani-agent:[object Object]
[info] +  hosting[tani-agent]: version finalized 
[info] i  hosting[tani-agent]: releasing new version... 
[debug] [2026-05-14T09:10:57.667Z] Checked if tokens are valid: true, expires at: 1778753415448
[debug] [2026-05-14T09:10:57.667Z] Checked if tokens are valid: true, expires at: 1778753415448
[debug] [2026-05-14T09:10:57.668Z] >>> [apiv2][query] POST https://firebasehosting.googleapis.com/v1beta1/projects/-/sites/tani-agent/channels/live/releases versionName=projects%2F194453143865%2Fsites%2Ftani-agent%2Fversions%2F445fb04c86345a47
[debug] [2026-05-14T09:10:57.668Z] >>> [apiv2][body] POST https://firebasehosting.googleapis.com/v1beta1/projects/-/sites/tani-agent/channels/live/releases {}
[debug] [2026-05-14T09:10:58.368Z] <<< [apiv2][status] POST https://firebasehosting.googleapis.com/v1beta1/projects/-/sites/tani-agent/channels/live/releases 200
[debug] [2026-05-14T09:10:58.369Z] <<< [apiv2][body] POST https://firebasehosting.googleapis.com/v1beta1/projects/-/sites/tani-agent/channels/live/releases {"name":"projects/194453143865/sites/tani-agent/channels/live/releases/1778749857885000","version":{"name":"projects/194453143865/sites/tani-agent/versions/445fb04c86345a47","status":"FINALIZED","config":{"headers":[{"headers":{"Cache-Control":"no-cache"},"glob":"**"}]},"labels":{"deployment-tool":"cli-firebase"},"createTime":"2026-05-14T09:10:52.544294Z","createUser":{"email":"chloecwe1111@gmail.com","imageUrl":"https://lh3.googleusercontent.com/a/ACg8ocK88Xax82_XW2PQr-VQJLQyxiC3mMKOxLYVQd6N_o9U0sLDmw=mo"},"finalizeTime":"2026-05-14T09:10:57.838340Z","finalizeUser":{"email":"chloecwe1111@gmail.com","imageUrl":"https://lh3.googleusercontent.com/a/ACg8ocK88Xax82_XW2PQr-VQJLQyxiC3mMKOxLYVQd6N_o9U0sLDmw=mo"}},"type":"DEPLOY","releaseTime":"2026-05-14T09:10:57.885Z","releaseUser":{"email":"chloecwe1111@gmail.com","imageUrl":"https://lh3.googleusercontent.com/a/ACg8ocK88Xax82_XW2PQr-VQJLQyxiC3mMKOxLYVQd6N_o9U0sLDmw=mo"}}
[debug] [2026-05-14T09:10:58.369Z] [hosting] release: {"name":"projects/194453143865/sites/tani-agent/channels/live/releases/1778749857885000","version":{"name":"projects/194453143865/sites/tani-agent/versions/445fb04c86345a47","status":"FINALIZED","config":{"headers":[{"headers":{"Cache-Control":"no-cache"},"glob":"**"}]},"labels":{"deployment-tool":"cli-firebase"},"createTime":"2026-05-14T09:10:52.544294Z","createUser":{"email":"chloecwe1111@gmail.com","imageUrl":"https://lh3.googleusercontent.com/a/ACg8ocK88Xax82_XW2PQr-VQJLQyxiC3mMKOxLYVQd6N_o9U0sLDmw=mo"},"finalizeTime":"2026-05-14T09:10:57.838340Z","finalizeUser":{"email":"chloecwe1111@gmail.com","imageUrl":"https://lh3.googleusercontent.com/a/ACg8ocK88Xax82_XW2PQr-VQJLQyxiC3mMKOxLYVQd6N_o9U0sLDmw=mo"}},"type":"DEPLOY","releaseTime":"2026-05-14T09:10:57.885Z","releaseUser":{"email":"chloecwe1111@gmail.com","imageUrl":"https://lh3.googleusercontent.com/a/ACg8ocK88Xax82_XW2PQr-VQJLQyxiC3mMKOxLYVQd6N_o9U0sLDmw=mo"}}
[info] +  hosting[tani-agent]: release complete 
[info] 
[info] +  Deploy complete! 
[info] 
[info] Project Console: https://console.firebase.google.com/project/tani-agent/overview
[info] Hosting URL: https://tani-agent.web.app
